#
# There is insufficient memory for the Java Runtime Environment to continue.
# Native memory allocation (malloc) failed to allocate 2156336 bytes for Chunk::new
# Possible reasons:
#   The system is out of physical RAM or swap space
#   The process is running with CompressedOops enabled, and the Java Heap may be blocking the growth of the native heap
# Possible solutions:
#   Reduce memory load on the system
#   Increase physical memory or swap space
#   Check if swap backing store is full
#   Decrease Java heap size (-Xmx/-Xms)
#   Decrease number of Java threads
#   Decrease Java thread stack sizes (-Xss)
#   Set larger code cache with -XX:ReservedCodeCacheSize=
#   JVM is running with Unscaled Compressed Oops mode in which the Java heap is
#     placed in the first 4GB address space. The Java Heap base address is the
#     maximum limit for the native heap growth. Please use -XX:HeapBaseMinAddress
#     to set the Java Heap base and to place the Java Heap above 4GB virtual address.
# This output file may be truncated or incomplete.
#
#  Out of Memory Error (allocation.cpp:389), pid=19572, tid=0x0000000000002078
#
# JRE version: OpenJDK Runtime Environment (8.0_212-b04) (build 1.8.0_212-release-1586-b04)
# Java VM: OpenJDK 64-Bit Server VM (25.212-b04 mixed mode windows-amd64 compressed oops)
# Failed to write core dump. Minidumps are not enabled by default on client versions of Windows
#

---------------  T H R E A D  ---------------

Current thread (0x0000000018b8a800):  JavaThread "C2 CompilerThread2" daemon [_thread_in_native, id=8312, stack(0x0000000019600000,0x0000000019700000)]

Stack: [0x0000000019600000,0x0000000019700000]
[error occurred during error reporting (printing stack bounds), id 0xc0000005]

Native frames: (J=compiled Java code, j=interpreted, Vv=VM code, C=native code)


Current CompileTask:
C2:  25192 4563       4       com.sun.beans.TypeResolver::resolve (37 bytes)


---------------  P R O C E S S  ---------------

Java Threads: ( => current thread )
  0x000000001ddf1800 JavaThread "Cache worker for Build Output Cleanup Cache (G:\TPA\TPA  PHONE\Rev1\DUAR YANG INI\ReadUp\.gradle\buildOutputCleanup)" [_thread_blocked, id=11388, stack(0x0000000022b10000,0x0000000022c10000)]
  0x000000001ddee800 JavaThread "Build operations Thread 8" [_thread_blocked, id=21776, stack(0x0000000022410000,0x0000000022510000)]
  0x000000001ddeb800 JavaThread "Build operations Thread 7" [_thread_blocked, id=4276, stack(0x0000000022310000,0x0000000022410000)]
  0x000000001dde7800 JavaThread "Build operations Thread 6" [_thread_blocked, id=12680, stack(0x0000000022210000,0x0000000022310000)]
  0x000000001ddea000 JavaThread "Build operations Thread 5" [_thread_blocked, id=14120, stack(0x0000000022110000,0x0000000022210000)]
  0x000000001dde8800 JavaThread "Build operations Thread 4" [_thread_blocked, id=4416, stack(0x0000000022010000,0x0000000022110000)]
  0x000000001dded000 JavaThread "Build operations Thread 3" [_thread_blocked, id=21664, stack(0x0000000021f10000,0x0000000022010000)]
  0x000000001ddec000 JavaThread "Build operations Thread 2" [_thread_blocked, id=18112, stack(0x0000000021e10000,0x0000000021f10000)]
  0x000000001dde9000 JavaThread "Build operations" [_thread_blocked, id=8996, stack(0x0000000021d10000,0x0000000021e10000)]
  0x000000001dde7000 JavaThread "Cache worker for execution history cache (C:\Users\hp\.gradle\caches\5.6.4\executionHistory)" [_thread_blocked, id=4428, stack(0x00000000203e0000,0x00000000204e0000)]
  0x000000001a343000 JavaThread "Cache worker for cache directory md-rule (C:\Users\hp\.gradle\caches\5.6.4\md-rule)" [_thread_blocked, id=11040, stack(0x00000000202e0000,0x00000000203e0000)]
  0x000000001a340800 JavaThread "Cache worker for cache directory md-supplier (C:\Users\hp\.gradle\caches\5.6.4\md-supplier)" [_thread_blocked, id=19056, stack(0x000000001e9b0000,0x000000001eab0000)]
  0x000000001a33e800 JavaThread "Cache worker for file hash cache (G:\TPA\TPA  PHONE\Rev1\DUAR YANG INI\ReadUp\.gradle\5.6.4\fileHashes)" [_thread_blocked, id=20232, stack(0x000000001e8b0000,0x000000001e9b0000)]
  0x000000001a33d800 JavaThread "Cache worker for journal cache (C:\Users\hp\.gradle\caches\journal-1)" [_thread_blocked, id=20472, stack(0x000000001d5e0000,0x000000001d6e0000)]
  0x000000001a343800 JavaThread "File lock request listener" [_thread_in_native, id=6516, stack(0x000000001d4e0000,0x000000001d5e0000)]
  0x000000001a344800 JavaThread "Cache worker for file hash cache (C:\Users\hp\.gradle\caches\5.6.4\fileHashes)" [_thread_blocked, id=4260, stack(0x000000001d3e0000,0x000000001d4e0000)]
  0x000000001b5a1800 JavaThread "Thread-9" [_thread_blocked, id=18456, stack(0x000000001d0e0000,0x000000001d1e0000)]
  0x000000001b5a1000 JavaThread "Stdin handler" [_thread_blocked, id=9976, stack(0x000000001cfe0000,0x000000001d0e0000)]
  0x000000001b5a0000 JavaThread "Asynchronous log dispatcher for DefaultDaemonConnection: socket connection from /127.0.0.1:55628 to /127.0.0.1:55629" [_thread_blocked, id=16436, stack(0x000000001cde0000,0x000000001cee0000)]
  0x000000001b526800 JavaThread "Daemon worker" [_thread_in_native, id=3860, stack(0x000000001cce0000,0x000000001cde0000)]
  0x000000001b54e000 JavaThread "Cancel handler" [_thread_blocked, id=21020, stack(0x000000001cbe0000,0x000000001cce0000)]
  0x000000001b4ff000 JavaThread "Handler for socket connection from /127.0.0.1:55628 to /127.0.0.1:55629" [_thread_in_native, id=20072, stack(0x000000001c8e0000,0x000000001c9e0000)]
  0x000000001b4f7000 JavaThread "Daemon" [_thread_blocked, id=22144, stack(0x000000001c7e0000,0x000000001c8e0000)]
  0x000000001b497800 JavaThread "Daemon periodic checks" [_thread_blocked, id=14108, stack(0x000000001c6e0000,0x000000001c7e0000)]
  0x000000001b46b800 JavaThread "Incoming local TCP Connector on port 55628" [_thread_in_native, id=22116, stack(0x000000001c4a0000,0x000000001c5a0000)]
  0x0000000018eea000 JavaThread "Daemon health stats" [_thread_blocked, id=13176, stack(0x000000001c1a0000,0x000000001c2a0000)]
  0x0000000018c12800 JavaThread "Service Thread" daemon [_thread_blocked, id=3052, stack(0x0000000019800000,0x0000000019900000)]
  0x0000000016d3e000 JavaThread "C1 CompilerThread3" daemon [_thread_blocked, id=2888, stack(0x0000000019700000,0x0000000019800000)]
=>0x0000000018b8a800 JavaThread "C2 CompilerThread2" daemon [_thread_in_native, id=8312, stack(0x0000000019600000,0x0000000019700000)]
  0x0000000018b89000 JavaThread "C2 CompilerThread1" daemon [_thread_blocked, id=12044, stack(0x0000000019500000,0x0000000019600000)]
  0x0000000018b82800 JavaThread "C2 CompilerThread0" daemon [_thread_in_native, id=3136, stack(0x0000000019400000,0x0000000019500000)]
  0x0000000018b80800 JavaThread "Attach Listener" daemon [_thread_blocked, id=14540, stack(0x0000000019300000,0x0000000019400000)]
  0x0000000018b3d800 JavaThread "Signal Dispatcher" daemon [_thread_blocked, id=9036, stack(0x0000000019200000,0x0000000019300000)]
  0x0000000002f6c800 JavaThread "Finalizer" daemon [_thread_blocked, id=5148, stack(0x0000000019000000,0x0000000019100000)]
  0x0000000018b20800 JavaThread "Reference Handler" daemon [_thread_blocked, id=19132, stack(0x0000000018f00000,0x0000000019000000)]
  0x000000000297e000 JavaThread "main" [_thread_blocked, id=10492, stack(0x0000000002d70000,0x0000000002e70000)]

Other Threads:
  0x0000000016d28800 VMThread [stack: 0x0000000018a00000,0x0000000018b00000] [id=15712]
  0x0000000018bcc800 WatcherThread [stack: 0x0000000019900000,0x0000000019a00000] [id=12228]

VM state:not at safepoint (normal execution)

VM Mutex/Monitor currently owned by a thread: None

heap address: 0x00000000a0000000, size: 1536 MB, Compressed Oops mode: 32-bit
Narrow klass base: 0x0000000000000000, Narrow klass shift: 3
Compressed class space size: 1073741824 Address: 0x0000000100000000

Heap:
 PSYoungGen      total 143872K, used 69700K [0x00000000e0000000, 0x00000000e9900000, 0x0000000100000000)
  eden space 131072K, 43% used [0x00000000e0000000,0x00000000e3794340,0x00000000e8000000)
  from space 12800K, 99% used [0x00000000e8000000,0x00000000e8c7ccf8,0x00000000e8c80000)
  to   space 12288K, 0% used [0x00000000e8d00000,0x00000000e8d00000,0x00000000e9900000)
 ParOldGen       total 79360K, used 21401K [0x00000000a0000000, 0x00000000a4d80000, 0x00000000e0000000)
  object space 79360K, 26% used [0x00000000a0000000,0x00000000a14e6698,0x00000000a4d80000)
 Metaspace       used 49478K, capacity 51154K, committed 51496K, reserved 1093632K
  class space    used 6651K, capacity 7093K, committed 7208K, reserved 1048576K

Card table byte_map: [0x0000000012330000,0x0000000012640000] byte_map_base: 0x0000000011e30000

Marking Bits: (ParMarkBitMap*) 0x0000000075b19f30
 Begin Bits: [0x0000000013040000, 0x0000000014840000)
 End Bits:   [0x0000000014840000, 0x0000000016040000)

Polling page: 0x0000000000bd0000

CodeCache: size=245760Kb used=15182Kb max_used=15182Kb free=230577Kb
 bounds [0x0000000002f70000, 0x0000000003e60000, 0x0000000011f70000]
 total_blobs=5036 nmethods=4267 adapters=682
 compilation: enabled

Compilation events (10 events):
Event: 25.092 Thread 0x0000000016d3e000 4657       3       org.gradle.api.internal.provider.AbstractMinimalProvider::<init> (5 bytes)
Event: 25.092 Thread 0x0000000016d3e000 nmethod 4657 0x0000000003e12950 code [0x0000000003e12aa0, 0x0000000003e12c50]
Event: 25.092 Thread 0x0000000016d3e000 4658       3       com.google.common.collect.SingletonImmutableSet::iterator (8 bytes)
Event: 25.092 Thread 0x0000000016d3e000 nmethod 4658 0x0000000003e12310 code [0x0000000003e12480, 0x0000000003e127b0]
Event: 25.092 Thread 0x0000000016d3e000 4659       3       com.google.common.collect.Iterators::singletonIterator (9 bytes)
Event: 25.092 Thread 0x0000000016d3e000 nmethod 4659 0x0000000003e30c10 code [0x0000000003e30d80, 0x0000000003e31030]
Event: 25.092 Thread 0x0000000016d3e000 4660       3       com.google.common.collect.Iterators$9::<init> (10 bytes)
Event: 25.093 Thread 0x0000000016d3e000 nmethod 4660 0x0000000003e31190 code [0x0000000003e31300, 0x0000000003e31530]
Event: 25.093 Thread 0x0000000016d3e000 4661       1       com.google.common.collect.RegularImmutableMap$EntrySet::size (5 bytes)
Event: 25.093 Thread 0x0000000016d3e000 nmethod 4661 0x0000000003e31610 code [0x0000000003e31760, 0x0000000003e31870]

GC Heap History (10 events):
Event: 8.849 GC heap before
{Heap before GC invocations=7 (full 1):
 PSYoungGen      total 143360K, used 5257K [0x00000000e0000000, 0x00000000e9900000, 0x0000000100000000)
  eden space 131072K, 0% used [0x00000000e0000000,0x00000000e0000000,0x00000000e8000000)
  from space 12288K, 42% used [0x00000000e8d00000,0x00000000e9222650,0x00000000e9900000)
  to   space 12800K, 0% used [0x00000000e8000000,0x00000000e8000000,0x00000000e8c80000)
 ParOldGen       total 86016K, used 11879K [0x00000000a0000000, 0x00000000a5400000, 0x00000000e0000000)
  object space 86016K, 13% used [0x00000000a0000000,0x00000000a0b99f40,0x00000000a5400000)
 Metaspace       used 20753K, capacity 21238K, committed 21296K, reserved 1067008K
  class space    used 3003K, capacity 3168K, committed 3200K, reserved 1048576K
Event: 8.932 GC heap after
Heap after GC invocations=7 (full 1):
 PSYoungGen      total 143360K, used 0K [0x00000000e0000000, 0x00000000e9900000, 0x0000000100000000)
  eden space 131072K, 0% used [0x00000000e0000000,0x00000000e0000000,0x00000000e8000000)
  from space 12288K, 0% used [0x00000000e8d00000,0x00000000e8d00000,0x00000000e9900000)
  to   space 12800K, 0% used [0x00000000e8000000,0x00000000e8000000,0x00000000e8c80000)
 ParOldGen       total 54272K, used 7752K [0x00000000a0000000, 0x00000000a3500000, 0x00000000e0000000)
  object space 54272K, 14% used [0x00000000a0000000,0x00000000a0792358,0x00000000a3500000)
 Metaspace       used 20753K, capacity 21238K, committed 21296K, reserved 1067008K
  class space    used 3003K, capacity 3168K, committed 3200K, reserved 1048576K
}
Event: 13.781 GC heap before
{Heap before GC invocations=8 (full 1):
 PSYoungGen      total 143360K, used 131072K [0x00000000e0000000, 0x00000000e9900000, 0x0000000100000000)
  eden space 131072K, 100% used [0x00000000e0000000,0x00000000e8000000,0x00000000e8000000)
  from space 12288K, 0% used [0x00000000e8d00000,0x00000000e8d00000,0x00000000e9900000)
  to   space 12800K, 0% used [0x00000000e8000000,0x00000000e8000000,0x00000000e8c80000)
 ParOldGen       total 54272K, used 7752K [0x00000000a0000000, 0x00000000a3500000, 0x00000000e0000000)
  object space 54272K, 14% used [0x00000000a0000000,0x00000000a0792358,0x00000000a3500000)
 Metaspace       used 31853K, capacity 32644K, committed 32768K, reserved 1077248K
  class space    used 4301K, capacity 4545K, committed 4608K, reserved 1048576K
Event: 13.791 GC heap after
Heap after GC invocations=8 (full 1):
 PSYoungGen      total 143872K, used 12353K [0x00000000e0000000, 0x00000000e9900000, 0x0000000100000000)
  eden space 131072K, 0% used [0x00000000e0000000,0x00000000e0000000,0x00000000e8000000)
  from space 12800K, 96% used [0x00000000e8000000,0x00000000e8c104f8,0x00000000e8c80000)
  to   space 12288K, 0% used [0x00000000e8d00000,0x00000000e8d00000,0x00000000e9900000)
 ParOldGen       total 54272K, used 7760K [0x00000000a0000000, 0x00000000a3500000, 0x00000000e0000000)
  object space 54272K, 14% used [0x00000000a0000000,0x00000000a0794358,0x00000000a3500000)
 Metaspace       used 31853K, capacity 32644K, committed 32768K, reserved 1077248K
  class space    used 4301K, capacity 4545K, committed 4608K, reserved 1048576K
}
Event: 15.504 GC heap before
{Heap before GC invocations=9 (full 1):
 PSYoungGen      total 143872K, used 79428K [0x00000000e0000000, 0x00000000e9900000, 0x0000000100000000)
  eden space 131072K, 51% used [0x00000000e0000000,0x00000000e4180de8,0x00000000e8000000)
  from space 12800K, 96% used [0x00000000e8000000,0x00000000e8c104f8,0x00000000e8c80000)
  to   space 12288K, 0% used [0x00000000e8d00000,0x00000000e8d00000,0x00000000e9900000)
 ParOldGen       total 54272K, used 7760K [0x00000000a0000000, 0x00000000a3500000, 0x00000000e0000000)
  object space 54272K, 14% used [0x00000000a0000000,0x00000000a0794358,0x00000000a3500000)
 Metaspace       used 34722K, capacity 35450K, committed 35496K, reserved 1079296K
  class space    used 4781K, capacity 5026K, committed 5032K, reserved 1048576K
Event: 15.514 GC heap after
Heap after GC invocations=9 (full 1):
 PSYoungGen      total 143360K, used 11372K [0x00000000e0000000, 0x00000000e9900000, 0x0000000100000000)
  eden space 131072K, 0% used [0x00000000e0000000,0x00000000e0000000,0x00000000e8000000)
  from space 12288K, 92% used [0x00000000e8d00000,0x00000000e981b1e0,0x00000000e9900000)
  to   space 12800K, 0% used [0x00000000e8000000,0x00000000e8000000,0x00000000e8c80000)
 ParOldGen       total 54272K, used 7768K [0x00000000a0000000, 0x00000000a3500000, 0x00000000e0000000)
  object space 54272K, 14% used [0x00000000a0000000,0x00000000a0796358,0x00000000a3500000)
 Metaspace       used 34722K, capacity 35450K, committed 35496K, reserved 1079296K
  class space    used 4781K, capacity 5026K, committed 5032K, reserved 1048576K
}
Event: 15.514 GC heap before
{Heap before GC invocations=10 (full 2):
 PSYoungGen      total 143360K, used 11372K [0x00000000e0000000, 0x00000000e9900000, 0x0000000100000000)
  eden space 131072K, 0% used [0x00000000e0000000,0x00000000e0000000,0x00000000e8000000)
  from space 12288K, 92% used [0x00000000e8d00000,0x00000000e981b1e0,0x00000000e9900000)
  to   space 12800K, 0% used [0x00000000e8000000,0x00000000e8000000,0x00000000e8c80000)
 ParOldGen       total 54272K, used 7768K [0x00000000a0000000, 0x00000000a3500000, 0x00000000e0000000)
  object space 54272K, 14% used [0x00000000a0000000,0x00000000a0796358,0x00000000a3500000)
 Metaspace       used 34722K, capacity 35450K, committed 35496K, reserved 1079296K
  class space    used 4781K, capacity 5026K, committed 5032K, reserved 1048576K
Event: 15.631 GC heap after
Heap after GC invocations=10 (full 2):
 PSYoungGen      total 143360K, used 0K [0x00000000e0000000, 0x00000000e9900000, 0x0000000100000000)
  eden space 131072K, 0% used [0x00000000e0000000,0x00000000e0000000,0x00000000e8000000)
  from space 12288K, 0% used [0x00000000e8d00000,0x00000000e8d00000,0x00000000e9900000)
  to   space 12800K, 0% used [0x00000000e8000000,0x00000000e8000000,0x00000000e8c80000)
 ParOldGen       total 79360K, used 18533K [0x00000000a0000000, 0x00000000a4d80000, 0x00000000e0000000)
  object space 79360K, 23% used [0x00000000a0000000,0x00000000a12197a0,0x00000000a4d80000)
 Metaspace       used 34722K, capacity 35450K, committed 35496K, reserved 1079296K
  class space    used 4781K, capacity 5026K, committed 5032K, reserved 1048576K
}
Event: 24.021 GC heap before
{Heap before GC invocations=11 (full 2):
 PSYoungGen      total 143360K, used 131072K [0x00000000e0000000, 0x00000000e9900000, 0x0000000100000000)
  eden space 131072K, 100% used [0x00000000e0000000,0x00000000e8000000,0x00000000e8000000)
  from space 12288K, 0% used [0x00000000e8d00000,0x00000000e8d00000,0x00000000e9900000)
  to   space 12800K, 0% used [0x00000000e8000000,0x00000000e8000000,0x00000000e8c80000)
 ParOldGen       total 79360K, used 18533K [0x00000000a0000000, 0x00000000a4d80000, 0x00000000e0000000)
  object space 79360K, 23% used [0x00000000a0000000,0x00000000a12197a0,0x00000000a4d80000)
 Metaspace       used 45803K, capacity 47094K, committed 47272K, reserved 1089536K
  class space    used 6196K, capacity 6522K, committed 6568K, reserved 1048576K
Event: 24.029 GC heap after
Heap after GC invocations=11 (full 2):
 PSYoungGen      total 143872K, used 12787K [0x00000000e0000000, 0x00000000e9900000, 0x0000000100000000)
  eden space 131072K, 0% used [0x00000000e0000000,0x00000000e0000000,0x00000000e8000000)
  from space 12800K, 99% used [0x00000000e8000000,0x00000000e8c7ccf8,0x00000000e8c80000)
  to   space 12288K, 0% used [0x00000000e8d00000,0x00000000e8d00000,0x00000000e9900000)
 ParOldGen       total 79360K, used 21401K [0x00000000a0000000, 0x00000000a4d80000, 0x00000000e0000000)
  object space 79360K, 26% used [0x00000000a0000000,0x00000000a14e6698,0x00000000a4d80000)
 Metaspace       used 45803K, capacity 47094K, committed 47272K, reserved 1089536K
  class space    used 6196K, capacity 6522K, committed 6568K, reserved 1048576K
}

Deoptimization events (10 events):
Event: 24.708 Thread 0x000000001b526800 Uncommon trap: reason=unstable_if action=reinterpret pc=0x0000000003c45bb4 method=org.gradle.internal.instantiation.AbstractClassGenerator$InjectionAnnotationValidator.validateMethod(Ljava/lang/reflect/Method;Lorg/gradle/internal/reflect/PropertyAccessorT
Event: 24.722 Thread 0x000000001b526800 Uncommon trap: reason=bimorphic action=maybe_recompile pc=0x0000000003bb6e0c method=java.util.Arrays.binarySearch0([Ljava/lang/Object;IILjava/lang/Object;Ljava/util/Comparator;)I @ 48
Event: 24.723 Thread 0x000000001b526800 Uncommon trap: reason=bimorphic action=maybe_recompile pc=0x0000000003bb6e0c method=java.util.Arrays.binarySearch0([Ljava/lang/Object;IILjava/lang/Object;Ljava/util/Comparator;)I @ 48
Event: 24.723 Thread 0x000000001b526800 Uncommon trap: reason=bimorphic action=maybe_recompile pc=0x0000000003bb6e0c method=java.util.Arrays.binarySearch0([Ljava/lang/Object;IILjava/lang/Object;Ljava/util/Comparator;)I @ 48
Event: 24.723 Thread 0x000000001b526800 Uncommon trap: reason=bimorphic action=maybe_recompile pc=0x0000000003bb6e0c method=java.util.Arrays.binarySearch0([Ljava/lang/Object;IILjava/lang/Object;Ljava/util/Comparator;)I @ 48
Event: 24.735 Thread 0x000000001b526800 Uncommon trap: reason=bimorphic action=maybe_recompile pc=0x0000000003a0a6d0 method=org.codehaus.groovy.runtime.metaclass.MetaMethodIndex.addMethodToList(Ljava/lang/Object;Lgroovy/lang/MetaMethod;)Ljava/lang/Object; @ 102
Event: 24.735 Thread 0x000000001b526800 Uncommon trap: reason=bimorphic action=maybe_recompile pc=0x0000000003a0a6d0 method=org.codehaus.groovy.runtime.metaclass.MetaMethodIndex.addMethodToList(Ljava/lang/Object;Lgroovy/lang/MetaMethod;)Ljava/lang/Object; @ 102
Event: 24.735 Thread 0x000000001b526800 Uncommon trap: reason=bimorphic action=maybe_recompile pc=0x00000000030dd400 method=org.codehaus.groovy.runtime.metaclass.MetaMethodIndex.addMethodToList(Ljava/lang/Object;Lgroovy/lang/MetaMethod;)Ljava/lang/Object; @ 102
Event: 24.735 Thread 0x000000001b526800 Uncommon trap: reason=bimorphic action=maybe_recompile pc=0x00000000030dd400 method=org.codehaus.groovy.runtime.metaclass.MetaMethodIndex.addMethodToList(Ljava/lang/Object;Lgroovy/lang/MetaMethod;)Ljava/lang/Object; @ 102
Event: 24.735 Thread 0x000000001b526800 Uncommon trap: reason=unstable_if action=reinterpret pc=0x0000000003a84714 method=groovy.lang.MetaClassImpl$1MOPIter.methodNameAction(Ljava/lang/Class;Lorg/codehaus/groovy/runtime/metaclass/MetaMethodIndex$Entry;)V @ 182

Classes redefined (0 events):
No events

Internal exceptions (10 events):
Event: 24.939 Thread 0x000000001b526800 Exception <a 'java/lang/ClassNotFoundException': build_dqchgjo00hfhqg1qnhufwspqb$_run_closure1BeanInfo> (0x00000000e2bbb180) thrown at [D:\src\AOSP-openjdk-cygwin\jdk8u\hotspot\src\share\vm\classfile\systemDictionary.cpp, line 210]
Event: 24.939 Thread 0x000000001b526800 Exception <a 'java/lang/ClassNotFoundException': build_dqchgjo00hfhqg1qnhufwspqb$_run_closure1Customizer> (0x00000000e2bcc838) thrown at [D:\src\AOSP-openjdk-cygwin\jdk8u\hotspot\src\share\vm\classfile\systemDictionary.cpp, line 210]
Event: 24.953 Thread 0x000000001b526800 Exception <a 'java/lang/ClassNotFoundException': org/gradle/api/internal/file/collections/DefaultConfigurableFileTreeBeanInfo> (0x00000000e2d5fae0) thrown at [D:\src\AOSP-openjdk-cygwin\jdk8u\hotspot\src\share\vm\classfile\systemDictionary.cpp, line 210]
Event: 24.954 Thread 0x000000001b526800 Exception <a 'java/lang/ClassNotFoundException': org/gradle/api/internal/file/CompositeFileTreeBeanInfo> (0x00000000e2d97fe8) thrown at [D:\src\AOSP-openjdk-cygwin\jdk8u\hotspot\src\share\vm\classfile\systemDictionary.cpp, line 210]
Event: 24.954 Thread 0x000000001b526800 Exception <a 'java/lang/ClassNotFoundException': org/gradle/api/internal/file/CompositeFileCollectionBeanInfo> (0x00000000e2dd4ab0) thrown at [D:\src\AOSP-openjdk-cygwin\jdk8u\hotspot\src\share\vm\classfile\systemDictionary.cpp, line 210]
Event: 24.955 Thread 0x000000001b526800 Exception <a 'java/lang/ClassNotFoundException': org/gradle/api/internal/file/AbstractFileCollectionBeanInfo> (0x00000000e2e11c88) thrown at [D:\src\AOSP-openjdk-cygwin\jdk8u\hotspot\src\share\vm\classfile\systemDictionary.cpp, line 210]
Event: 24.955 Thread 0x000000001b526800 Exception <a 'java/lang/ClassNotFoundException': org/gradle/api/internal/file/AbstractFileCollectionCustomizer> (0x00000000e2e4f8b8) thrown at [D:\src\AOSP-openjdk-cygwin\jdk8u\hotspot\src\share\vm\classfile\systemDictionary.cpp, line 210]
Event: 24.956 Thread 0x000000001b526800 Exception <a 'java/lang/ClassNotFoundException': org/gradle/api/internal/file/CompositeFileCollectionCustomizer> (0x00000000e2e9d710) thrown at [D:\src\AOSP-openjdk-cygwin\jdk8u\hotspot\src\share\vm\classfile\systemDictionary.cpp, line 210]
Event: 24.957 Thread 0x000000001b526800 Exception <a 'java/lang/ClassNotFoundException': org/gradle/api/internal/file/CompositeFileTreeCustomizer> (0x00000000e2ee7ae0) thrown at [D:\src\AOSP-openjdk-cygwin\jdk8u\hotspot\src\share\vm\classfile\systemDictionary.cpp, line 210]
Event: 24.958 Thread 0x000000001b526800 Exception <a 'java/lang/ClassNotFoundException': org/gradle/api/internal/file/collections/DefaultConfigurableFileTreeCustomizer> (0x00000000e2f3cda8) thrown at [D:\src\AOSP-openjdk-cygwin\jdk8u\hotspot\src\share\vm\classfile\systemDictionary.cpp, line 210

Events (10 events):
Event: 25.091 loading class com/android/build/gradle/internal/dependency/AarResourcesCompilerTransform
Event: 25.091 loading class com/android/build/gradle/internal/dependency/AarResourcesCompilerTransform done
Event: 25.093 loading class org/gradle/api/artifacts/transform/TransformSpec
Event: 25.093 loading class org/gradle/api/artifacts/transform/TransformSpec done
Event: 25.093 loading class com/android/build/gradle/internal/VariantManager
Event: 25.093 loading class com/android/build/gradle/internal/VariantManager done
Event: 25.093 loading class com/android/build/gradle/internal/dependency/AarResourcesCompilerTransform$Parameters
Event: 25.093 loading class com/android/build/gradle/internal/dependency/AarResourcesCompilerTransform$Parameters done
Event: 25.093 loading class org/gradle/api/file/ConfigurableFileCollection
Event: 25.093 loading class org/gradle/api/file/ConfigurableFileCollection done


Dynamic libraries:
0x00007ff6fe310000 - 0x00007ff6fe341000 	C:\Program Files\Android\Android Studio\jre\bin\java.exe
0x00007ffe50e00000 - 0x00007ffe50ff0000 	C:\WINDOWS\SYSTEM32\ntdll.dll
0x00007ffe4f400000 - 0x00007ffe4f4b2000 	C:\WINDOWS\System32\KERNEL32.DLL
0x00007ffe4e0c0000 - 0x00007ffe4e363000 	C:\WINDOWS\System32\KERNELBASE.dll
0x00007ffe4efb0000 - 0x00007ffe4f053000 	C:\WINDOWS\System32\ADVAPI32.dll
0x00007ffe4f360000 - 0x00007ffe4f3fe000 	C:\WINDOWS\System32\msvcrt.dll
0x00007ffe4f980000 - 0x00007ffe4fa17000 	C:\WINDOWS\System32\sechost.dll
0x00007ffe4f580000 - 0x00007ffe4f6a0000 	C:\WINDOWS\System32\RPCRT4.dll
0x00007ffe4f1c0000 - 0x00007ffe4f354000 	C:\WINDOWS\System32\USER32.dll
0x00007ffe4e5b0000 - 0x00007ffe4e5d1000 	C:\WINDOWS\System32\win32u.dll
0x00007ffe4eeb0000 - 0x00007ffe4eed6000 	C:\WINDOWS\System32\GDI32.dll
0x00007ffe4e370000 - 0x00007ffe4e504000 	C:\WINDOWS\System32\gdi32full.dll
0x00007ffe4df70000 - 0x00007ffe4e00e000 	C:\WINDOWS\System32\msvcp_win.dll
0x00007ffe4e630000 - 0x00007ffe4e72a000 	C:\WINDOWS\System32\ucrtbase.dll
0x00007ffe3ab50000 - 0x00007ffe3add5000 	C:\WINDOWS\WinSxS\amd64_microsoft.windows.common-controls_6595b64144ccf1df_6.0.18362.778_none_e6c6b761130d4fb8\COMCTL32.dll
0x00007ffe4fd00000 - 0x00007ffe50036000 	C:\WINDOWS\System32\combase.dll
0x00007ffe4e530000 - 0x00007ffe4e5b0000 	C:\WINDOWS\System32\bcryptPrimitives.dll
0x00007ffe50040000 - 0x00007ffe5006e000 	C:\WINDOWS\System32\IMM32.DLL
0x00000000776e0000 - 0x00000000777b2000 	C:\Program Files\Android\Android Studio\jre\jre\bin\msvcr100.dll
0x0000000075350000 - 0x0000000075b96000 	C:\Program Files\Android\Android Studio\jre\jre\bin\server\jvm.dll
0x00007ffe4eee0000 - 0x00007ffe4eee8000 	C:\WINDOWS\System32\PSAPI.DLL
0x00007ffe477a0000 - 0x00007ffe477aa000 	C:\WINDOWS\SYSTEM32\VERSION.dll
0x00007ffe3a620000 - 0x00007ffe3a644000 	C:\WINDOWS\SYSTEM32\WINMM.dll
0x00007ffe418e0000 - 0x00007ffe418e9000 	C:\WINDOWS\SYSTEM32\WSOCK32.dll
0x00007ffe4f7d0000 - 0x00007ffe4f83f000 	C:\WINDOWS\System32\WS2_32.dll
0x00007ffe391c0000 - 0x00007ffe391ed000 	C:\WINDOWS\SYSTEM32\WINMMBASE.dll
0x00007ffe4e5e0000 - 0x00007ffe4e62a000 	C:\WINDOWS\System32\cfgmgr32.dll
0x00007ffe47bc0000 - 0x00007ffe47bcf000 	C:\Program Files\Android\Android Studio\jre\jre\bin\verify.dll
0x00007ffe24bb0000 - 0x00007ffe24bd9000 	C:\Program Files\Android\Android Studio\jre\jre\bin\java.dll
0x00007ffe3eb20000 - 0x00007ffe3eb36000 	C:\Program Files\Android\Android Studio\jre\jre\bin\zip.dll
0x00007ffe50250000 - 0x00007ffe50935000 	C:\WINDOWS\System32\SHELL32.dll
0x00007ffe4f4d0000 - 0x00007ffe4f579000 	C:\WINDOWS\System32\shcore.dll
0x00007ffe4e730000 - 0x00007ffe4eeb0000 	C:\WINDOWS\System32\windows.storage.dll
0x00007ffe4dcf0000 - 0x00007ffe4dd13000 	C:\WINDOWS\System32\profapi.dll
0x00007ffe4dd20000 - 0x00007ffe4dd6a000 	C:\WINDOWS\System32\powrprof.dll
0x00007ffe4dcc0000 - 0x00007ffe4dcd0000 	C:\WINDOWS\System32\UMPDC.dll
0x00007ffe4eef0000 - 0x00007ffe4ef42000 	C:\WINDOWS\System32\shlwapi.dll
0x00007ffe4dd70000 - 0x00007ffe4dd81000 	C:\WINDOWS\System32\kernel.appcore.dll
0x00007ffe4e510000 - 0x00007ffe4e527000 	C:\WINDOWS\System32\cryptsp.dll
0x00007ffe27250000 - 0x00007ffe2726a000 	C:\Program Files\Android\Android Studio\jre\jre\bin\net.dll
0x00007ffe41d30000 - 0x00007ffe41f05000 	C:\WINDOWS\SYSTEM32\urlmon.dll
0x00007ffe3c660000 - 0x00007ffe3c906000 	C:\WINDOWS\SYSTEM32\iertutil.dll
0x00007ffe4d6a0000 - 0x00007ffe4d6ac000 	C:\WINDOWS\SYSTEM32\CRYPTBASE.DLL
0x00007ffe4d4d0000 - 0x00007ffe4d537000 	C:\WINDOWS\system32\mswsock.dll
0x00007ffe24e50000 - 0x00007ffe24e63000 	C:\Program Files\Android\Android Studio\jre\jre\bin\nio.dll
0x00007ffe24b00000 - 0x00007ffe24b26000 	C:\Users\hp\.gradle\native\30\windows-amd64\native-platform.dll
0x00007ffe43470000 - 0x00007ffe4347d000 	C:\Program Files\Android\Android Studio\jre\jre\bin\management.dll
0x00007ffe4d040000 - 0x00007ffe4d073000 	C:\WINDOWS\system32\rsaenh.dll
0x00007ffe4df40000 - 0x00007ffe4df66000 	C:\WINDOWS\System32\bcrypt.dll
0x00007ffe4dbb0000 - 0x00007ffe4dbd5000 	C:\WINDOWS\SYSTEM32\USERENV.dll
0x00007ffe4d1e0000 - 0x00007ffe4d21a000 	C:\WINDOWS\SYSTEM32\IPHLPAPI.DLL
0x00007ffe4f4c0000 - 0x00007ffe4f4c8000 	C:\WINDOWS\System32\NSI.dll
0x00007ffe47720000 - 0x00007ffe47736000 	C:\WINDOWS\SYSTEM32\dhcpcsvc6.DLL
0x00007ffe476f0000 - 0x00007ffe4770c000 	C:\WINDOWS\SYSTEM32\dhcpcsvc.DLL
0x00007ffe4d220000 - 0x00007ffe4d2ea000 	C:\WINDOWS\SYSTEM32\DNSAPI.dll

VM Arguments:
jvm_args: -Xmx1536m -Dfile.encoding=windows-31j -Duser.country=ID -Duser.language=en -Duser.variant 
java_command: org.gradle.launcher.daemon.bootstrap.GradleDaemon 5.6.4
java_class_path (initial): C:\Users\hp\.gradle\wrapper\dists\gradle-5.6.4-all\ankdp27end7byghfw1q2sw75f\gradle-5.6.4\lib\gradle-launcher-5.6.4.jar
Launcher Type: SUN_STANDARD

Environment Variables:
PATH=C:\Program Files (x86)\Common Files\Oracle\Java\javapath;C:\Program Files (x86)\Intel\Intel(R) Management Engine Components\iCLS\;C:\Program Files\Intel\Intel(R) Management Engine Components\iCLS\;C:\windows\system32;C:\windows;C:\windows\System32\Wbem;C:\windows\System32\WindowsPowerShell\v1.0\;C:\windows\System32\OpenSSH\;C:\Program Files (x86)\Intel\Intel(R) Management Engine Components\DAL;C:\Program Files\Intel\Intel(R) Management Engine Components\DAL;C:\Program Files (x86)\Intel\Intel(R) Management Engine Components\IPT;C:\Program Files\Intel\Intel(R) Management Engine Components\IPT;C:\Program Files (x86)\NVIDIA Corporation\PhysX\Common;";C:\Program Files\Java\jre1.8.0_191\bin";C:\Program Files\Microsoft SQL Server\Client SDK\ODBC\130\Tools\Binn\;C:\Program Files (x86)\Microsoft SQL Server\140\Tools\Binn\;C:\Program Files\Microsoft SQL Server\140\Tools\Binn\;C:\Program Files\Microsoft SQL Server\140\DTS\Binn\;C:\Program Files (x86)\Microsoft SQL Server\150\DTS\Binn\;C:\Program Files\NVIDIA Corporation\NVIDIA NvDLISR;C:\Program Files\Microsoft SQL Server\130\Tools\Binn\;C:\Users\hp\.dnx\bin;C:\Program Files\Microsoft DNX\Dnvm\;C:\Program Files\nodejs\;C:\Program Files\Git\cmd;C:\Go\bin;C:\WINDOWS\system32;C:\WINDOWS;C:\WINDOWS\System32\Wbem;C:\WINDOWS\System32\WindowsPowerShell\v1.0\;C:\WINDOWS\System32\OpenSSH\;C:\Users\hp\AppData\Local\Microsoft\WindowsApps;C:\Users\hp\AppData\Local\Programs\Microsoft VS Code\bin;C:\Users\hp\AppData\Roaming\npm;C:\Users\hp\go\bin;C:\Users\hp\AppData\Local\GitHubDesktop\bin;%USERPROFILE%\AppData\Local\Microsoft\WindowsApps;
USERNAME=hp
OS=Windows_NT
PROCESSOR_IDENTIFIER=Intel64 Family 6 Model 158 Stepping 10, GenuineIntel



---------------  S Y S T E M  ---------------

OS: Windows 10.0 , 64 bit Build 18362 (10.0.18362.778)

CPU:total 8 (initial active 8) (4 cores per cpu, 2 threads per core) family 6 model 158 stepping 10, cmov, cx8, fxsr, mmx, sse, sse2, sse3, ssse3, sse4.1, sse4.2, popcnt, avx, avx2, aes, clmul, erms, 3dnowpref, lzcnt, ht, tsc, tscinvbit, bmi1, bmi2, adx

Memory: 4k page, physical 8233572k(555468k free), swap 13475396k(4736k free)

vm_info: OpenJDK 64-Bit Server VM (25.212-b04) for windows-amd64 JRE (1.8.0_212-release-1586-b04), built by "builder" with MS VC++ 10.0 (VS2010)

time: Thu May 14 18:04:31 2020
timezone: SE Asia Standard Time
elapsed time: 25 seconds (0d 0h 0m 25s)

